CREATE TABLE users (
    user_id         INT             NOT NULL AUTO_INCREMENT,
    email           VARCHAR(50)     NOT NULL,
    first_name      VARCHAR(50),    
    last_name       VARCHAR(50),    
    username        VARCHAR(50)     NOT NULL,
    password        VARCHAR(50)     NOT NULL,
    dob             DATE            NOT NULL,
    profile_photo   VARCHAR(255)    NOT NULL,
    PRIMARY KEY     (user_id)
);

CREATE TABLE post (
    post_id         INT             NOT NULL AUTO_INCREMENT,
    user_id         INT             NOT NULL,
    timestamp       TIMESTAMP       NOT NULL,
    title           VARCHAR(100)    NOT NULL,
    content         VARCHAR(2000)   NOT NULL,
    post_image      VARCHAR(255)    NOT NULL,
    PRIMARY KEY     (post_id),
    FOREIGN KEY     (user_id) REFERENCES users (user_id)
);

CREATE TABLE comment (
    comment_id      INT             NOT NULL AUTO_INCREMENT,
    post_id         INT             NOT NULL,
    user_id         INT             NOT NULL,
    timestamp       TIMESTAMP       NOT NULL,
    content         VARCHAR(1000)   NOT NULL,
    PRIMARY KEY     (comment_id),
    FOREIGN KEY     (user_id) REFERENCES users (user_id),
    FOREIGN KEY     (post_id) REFERENCES post (post_id)
);

CREATE TABLE postvote (
    post_vote_id    INT             NOT NULL AUTO_INCREMENT,
    post_id         INT             NOT NULL,
    user_id         INT             NOT NULL,
    updown          BOOLEAN         NOT NULL,
    PRIMARY KEY     (post_vote_id),
    FOREIGN KEY     (user_id) REFERENCES users (user_id),
    FOREIGN KEY     (post_id) REFERENCES post (post_id)
);

CREATE TABLE commentvote (
    comment_vote_id INT             NOT NULL AUTO_INCREMENT,
    comment_id      INT             NOT NULL,
    user_id         INT             NOT NULL,
    updown          BOOLEAN         NOT NULL,
    PRIMARY KEY     (comment_vote_id),
    FOREIGN KEY     (user_id) REFERENCES users (user_id),
    FOREIGN KEY     (comment_id) REFERENCES comment (comment_id)
);


INSERT INTO users (email, first_name, last_name, username, password, dob, profile_photo)
VALUES
("mjk991@uregina.ca", "Max", "Krishka-Pachal", "mjk991", "goodPassword", "2000-01-01", "maxphoto.jpg"),
("dsj361@uregina.ca", NULL, NULL, "dsj361", "passwordThatIsGood", "2000-01-01", "dmytrophoto.jpg"); 


INSERT INTO post (user_id, timestamp, title, content, post_image)
VALUES
(1, "2022-06-10 8:30:00", "Camping is my favourite", "It's the best! Everyone should try camping!", "coolCampingPhoto.jpg"),
(2, "2024-07-24 2:47:35", "Camping snacks??", "I need a good snack that I can fit in my backpack. There's already no room in there!", "defaultPhoto.jpg");


INSERT INTO comment (post_id, user_id, timestamp, content)
VALUES
(1, 2, "2023-01-03 10:02:50", "I totally agree."),
(2, 1, "2024-11-23 15:22:01", "That's such a good idea! I'll have to try that next time.");


INSERT INTO postvote (post_id, user_id, updown)
VALUES
(1, 2, TRUE),
(1, 1, FALSE);


INSERT INTO commentvote (comment_id, user_id, updown)
VALUES
(2, 1, TRUE),
(2, 1, FALSE);

SELECT * FROM users;

SELECT * FROM post;

SELECT * FROM comment;

SELECT * FROM postvote;

SELECT * FROM commentvote;
